This is pdfTeX, Version 3.14159265-2.6-1.40.21 (MiKTeX 2.9.7300 64-bit) (preloaded format=pdflatex 2020.3.3)  8 JUN 2020 18:43
entering extended mode
**"f:/Licenta/BE.Automatic.Chords.Recognition/paper_licence/Licenta Latex.tex"
("f:/Licenta/BE.Automatic.Chords.Recognition/paper_licence/Licenta Latex.tex"
LaTeX2e <2020-02-02> patch level 2
L3 programming layer <2020-02-14> ("C:\Users\Coss\AppData\Local\Programs\MiKTeX 2.9\tex/latex/base\report.cls"
Document Class: report 2019/12/20 v1.4l Standard LaTeX document class
("C:\Users\Coss\AppData\Local\Programs\MiKTeX 2.9\tex/latex/base\size12.clo"
File: size12.clo 2019/12/20 v1.4l Standard LaTeX file (size option)
)
\c@part=\count167
\c@chapter=\count168
\c@section=\count169
\c@subsection=\count170
\c@subsubsection=\count171
\c@paragraph=\count172
\c@subparagraph=\count173
\c@figure=\count174
\c@table=\count175
\abovecaptionskip=\skip47
\belowcaptionskip=\skip48
\bibindent=\dimen134
) ("C:\Users\Coss\AppData\Local\Programs\MiKTeX 2.9\tex/latex/psnfss\mathptmx.sty"
Package: mathptmx 2005/04/12 PSNFSS-v9.2a Times w/ Math, improved (SPQR, WaS) 
LaTeX Font Info:    Redeclaring symbol font `operators' on input line 28.
LaTeX Font Info:    Overwriting symbol font `operators' in version `normal'
(Font)                  OT1/cmr/m/n --> OT1/ztmcm/m/n on input line 28.
LaTeX Font Info:    Overwriting symbol font `operators' in version `bold'
(Font)                  OT1/cmr/bx/n --> OT1/ztmcm/m/n on input line 28.
LaTeX Font Info:    Redeclaring symbol font `letters' on input line 29.
LaTeX Font Info:    Overwriting symbol font `letters' in version `normal'
(Font)                  OML/cmm/m/it --> OML/ztmcm/m/it on input line 29.
LaTeX Font Info:    Overwriting symbol font `letters' in version `bold'
(Font)                  OML/cmm/b/it --> OML/ztmcm/m/it on input line 29.
LaTeX Font Info:    Redeclaring symbol font `symbols' on input line 30.
LaTeX Font Info:    Overwriting symbol font `symbols' in version `normal'
(Font)                  OMS/cmsy/m/n --> OMS/ztmcm/m/n on input line 30.
LaTeX Font Info:    Overwriting symbol font `symbols' in version `bold'
(Font)                  OMS/cmsy/b/n --> OMS/ztmcm/m/n on input line 30.
LaTeX Font Info:    Redeclaring symbol font `largesymbols' on input line 31.
LaTeX Font Info:    Overwriting symbol font `largesymbols' in version `normal'
(Font)                  OMX/cmex/m/n --> OMX/ztmcm/m/n on input line 31.
LaTeX Font Info:    Overwriting symbol font `largesymbols' in version `bold'
(Font)                  OMX/cmex/m/n --> OMX/ztmcm/m/n on input line 31.
\symbold=\mathgroup4
\symitalic=\mathgroup5
LaTeX Font Info:    Redeclaring math alphabet \mathbf on input line 34.
LaTeX Font Info:    Overwriting math alphabet `\mathbf' in version `normal'
(Font)                  OT1/cmr/bx/n --> OT1/ptm/bx/n on input line 34.
LaTeX Font Info:    Overwriting math alphabet `\mathbf' in version `bold'
(Font)                  OT1/cmr/bx/n --> OT1/ptm/bx/n on input line 34.
LaTeX Font Info:    Redeclaring math alphabet \mathit on input line 35.
LaTeX Font Info:    Overwriting math alphabet `\mathit' in version `normal'
(Font)                  OT1/cmr/m/it --> OT1/ptm/m/it on input line 35.
LaTeX Font Info:    Overwriting math alphabet `\mathit' in version `bold'
(Font)                  OT1/cmr/bx/it --> OT1/ptm/m/it on input line 35.
LaTeX Info: Redefining \hbar on input line 50.
) ("C:\Users\Coss\AppData\Local\Programs\MiKTeX 2.9\tex/latex/geometry\geometry.sty"
Package: geometry 2020/01/02 v5.9 Page Geometry
 ("C:\Users\Coss\AppData\Local\Programs\MiKTeX 2.9\tex/latex/graphics\keyval.sty"
Package: keyval 2014/10/28 v1.15 key=value parser (DPC)
\KV@toks@=\toks14
) ("C:\Users\Coss\AppData\Local\Programs\MiKTeX 2.9\tex/generic/iftex\ifvtex.sty"
Package: ifvtex 2019/10/25 v1.7 ifvtex legacy package. Use iftex instead.
 ("C:\Users\Coss\AppData\Local\Programs\MiKTeX 2.9\tex/generic/iftex\iftex.sty"
Package: iftex 2019/11/07 v1.0c TeX engine tests
))
\Gm@cnth=\count176
\Gm@cntv=\count177
\c@Gm@tempcnt=\count178
\Gm@bindingoffset=\dimen135
\Gm@wd@mp=\dimen136
\Gm@odd@mp=\dimen137
\Gm@even@mp=\dimen138
\Gm@layoutwidth=\dimen139
\Gm@layoutheight=\dimen140
\Gm@layouthoffset=\dimen141
\Gm@layoutvoffset=\dimen142
\Gm@dimlist=\toks15
 ("C:\Users\Coss\AppData\Local\Programs\MiKTeX 2.9\tex/latex/geometry\geometry.cfg")) ("C:\Users\Coss\AppData\Local\Programs\MiKTeX 2.9\tex/latex/base\inputenc.sty"
Package: inputenc 2018/08/11 v1.3c Input encoding file
\inpenc@prehook=\toks16
\inpenc@posthook=\toks17
) ("C:\Users\Coss\AppData\Local\Programs\MiKTeX 2.9\tex/latex/amsmath\amsmath.sty"
Package: amsmath 2020/01/20 v2.17e AMS math features
\@mathmargin=\skip49

For additional information on amsmath, use the `?' option.
("C:\Users\Coss\AppData\Local\Programs\MiKTeX 2.9\tex/latex/amsmath\amstext.sty"
Package: amstext 2000/06/29 v2.01 AMS text
 ("C:\Users\Coss\AppData\Local\Programs\MiKTeX 2.9\tex/latex/amsmath\amsgen.sty"
File: amsgen.sty 1999/11/30 v2.0 generic functions
\@emptytoks=\toks18
\ex@=\dimen143
)) ("C:\Users\Coss\AppData\Local\Programs\MiKTeX 2.9\tex/latex/amsmath\amsbsy.sty"
Package: amsbsy 1999/11/29 v1.2d Bold Symbols
\pmbraise@=\dimen144
) ("C:\Users\Coss\AppData\Local\Programs\MiKTeX 2.9\tex/latex/amsmath\amsopn.sty"
Package: amsopn 2016/03/08 v2.02 operator names
)
\inf@bad=\count179
LaTeX Info: Redefining \frac on input line 227.
\uproot@=\count180
\leftroot@=\count181
LaTeX Info: Redefining \overline on input line 389.
\classnum@=\count182
\DOTSCASE@=\count183
LaTeX Info: Redefining \ldots on input line 486.
LaTeX Info: Redefining \dots on input line 489.
LaTeX Info: Redefining \cdots on input line 610.
\Mathstrutbox@=\box45
\strutbox@=\box46
\big@size=\dimen145
LaTeX Font Info:    Redeclaring font encoding OML on input line 733.
LaTeX Font Info:    Redeclaring font encoding OMS on input line 734.
\macc@depth=\count184
\c@MaxMatrixCols=\count185
\dotsspace@=\muskip16
\c@parentequation=\count186
\dspbrk@lvl=\count187
\tag@help=\toks19
\row@=\count188
\column@=\count189
\maxfields@=\count190
\andhelp@=\toks20
\eqnshift@=\dimen146
\alignsep@=\dimen147
\tagshift@=\dimen148
\tagwidth@=\dimen149
\totwidth@=\dimen150
\lineht@=\dimen151
\@envbody=\toks21
\multlinegap=\skip50
\multlinetaggap=\skip51
\mathdisplay@stack=\toks22
LaTeX Info: Redefining \[ on input line 2859.
LaTeX Info: Redefining \] on input line 2860.
) ("C:\Users\Coss\AppData\Local\Programs\MiKTeX 2.9\tex/latex/biblatex\biblatex.sty"
Package: biblatex 2019/12/01 v3.14 programmable bibliographies (PK/MW)
 ("C:\Users\Coss\AppData\Local\Programs\MiKTeX 2.9\tex/latex/pdftexcmds\pdftexcmds.sty"
Package: pdftexcmds 2019/11/24 v0.31 Utility functions of pdfTeX for LuaTeX (HO)
 ("C:\Users\Coss\AppData\Local\Programs\MiKTeX 2.9\tex/generic/infwarerr\infwarerr.sty"
Package: infwarerr 2019/12/03 v1.5 Providing info/warning/error messages (HO)
) ("C:\Users\Coss\AppData\Local\Programs\MiKTeX 2.9\tex/generic/ltxcmds\ltxcmds.sty"
Package: ltxcmds 2019/12/15 v1.24 LaTeX kernel commands for general use (HO)
)
Package pdftexcmds Info: \pdf@primitive is available.
Package pdftexcmds Info: \pdf@ifprimitive is available.
Package pdftexcmds Info: \pdfdraftmode found.
) ("C:\Users\Coss\AppData\Local\Programs\MiKTeX 2.9\tex/latex/etoolbox\etoolbox.sty"
Package: etoolbox 2019/09/21 v2.5h e-TeX tools for LaTeX (JAW)
\etb@tempcnta=\count191
) ("C:\Users\Coss\AppData\Local\Programs\MiKTeX 2.9\tex/latex/kvoptions\kvoptions.sty"
Package: kvoptions 2019/11/29 v3.13 Key value format for package options (HO)
 ("C:\Users\Coss\AppData\Local\Programs\MiKTeX 2.9\tex/generic/kvsetkeys\kvsetkeys.sty"
Package: kvsetkeys 2019/12/15 v1.18 Key value parser (HO)
)) ("C:\Users\Coss\AppData\Local\Programs\MiKTeX 2.9\tex/latex/logreq\logreq.sty"
Package: logreq 2010/08/04 v1.0 xml request logger
\lrq@indent=\count192
 ("C:\Users\Coss\AppData\Local\Programs\MiKTeX 2.9\tex/latex/logreq\logreq.def"
File: logreq.def 2010/08/04 v1.0 logreq spec v1.0
)) ("C:\Users\Coss\AppData\Local\Programs\MiKTeX 2.9\tex/latex/base\ifthen.sty"
Package: ifthen 2014/09/29 v1.1c Standard LaTeX ifthen package (DPC)
) ("C:\Users\Coss\AppData\Local\Programs\MiKTeX 2.9\tex/latex/url\url.sty"
\Urlmuskip=\muskip17
Package: url 2013/09/16  ver 3.4  Verb mode for urls, etc.
)
\c@tabx@nest=\count193
\c@listtotal=\count194
\c@listcount=\count195
\c@liststart=\count196
\c@liststop=\count197
\c@citecount=\count198
\c@citetotal=\count199
\c@multicitecount=\count266
\c@multicitetotal=\count267
\c@instcount=\count268
\c@maxnames=\count269
\c@minnames=\count270
\c@maxitems=\count271
\c@minitems=\count272
\c@citecounter=\count273
\c@maxcitecounter=\count274
\c@savedcitecounter=\count275
\c@uniquelist=\count276
\c@uniquename=\count277
\c@refsection=\count278
\c@refsegment=\count279
\c@maxextratitle=\count280
\c@maxextratitleyear=\count281
\c@maxextraname=\count282
\c@maxextradate=\count283
\c@maxextraalpha=\count284
\c@abbrvpenalty=\count285
\c@highnamepenalty=\count286
\c@lownamepenalty=\count287
\c@maxparens=\count288
\c@parenlevel=\count289
\blx@tempcnta=\count290
\blx@tempcntb=\count291
\blx@tempcntc=\count292
\blx@maxsection=\count293
\blx@maxsegment@0=\count294
\blx@notetype=\count295
\blx@parenlevel@text=\count296
\blx@parenlevel@foot=\count297
\blx@sectionciteorder@0=\count298
\blx@entrysetcounter=\count299
\labelnumberwidth=\skip52
\labelalphawidth=\skip53
\biblabelsep=\skip54
\bibitemsep=\skip55
\bibnamesep=\skip56
\bibinitsep=\skip57
\bibparsep=\skip58
\bibhang=\skip59
\blx@bcfin=\read2
\blx@bcfout=\write3
\blx@langwohyphens=\language78
\c@mincomprange=\count300
\c@maxcomprange=\count301
\c@mincompwidth=\count302
Package biblatex Info: Trying to load biblatex default data model...
Package biblatex Info: ... file 'blx-dm.def' found.
 ("C:\Users\Coss\AppData\Local\Programs\MiKTeX 2.9\tex/latex/biblatex\blx-dm.def"
File: blx-dm.def 2019/12/01 v3.14 biblatex localization (PK/MW)
)
Package biblatex Info: Trying to load biblatex custom data model...
Package biblatex Info: ... file 'biblatex-dm.cfg' not found.
\c@afterword=\count303
\c@savedafterword=\count304
\c@annotator=\count305
\c@savedannotator=\count306
\c@author=\count307
\c@savedauthor=\count308
\c@bookauthor=\count309
\c@savedbookauthor=\count310
\c@commentator=\count311
\c@savedcommentator=\count312
\c@editor=\count313
\c@savededitor=\count314
\c@editora=\count315
\c@savededitora=\count316
\c@editorb=\count317
\c@savededitorb=\count318
\c@editorc=\count319
\c@savededitorc=\count320
\c@foreword=\count321
\c@savedforeword=\count322
\c@holder=\count323
\c@savedholder=\count324
\c@introduction=\count325
\c@savedintroduction=\count326
\c@namea=\count327
\c@savednamea=\count328
\c@nameb=\count329
\c@savednameb=\count330
\c@namec=\count331
\c@savednamec=\count332
\c@translator=\count333
\c@savedtranslator=\count334
\c@shortauthor=\count335
\c@savedshortauthor=\count336
\c@shorteditor=\count337
\c@savedshorteditor=\count338
\c@labelname=\count339
\c@savedlabelname=\count340
\c@institution=\count341
\c@savedinstitution=\count342
\c@lista=\count343
\c@savedlista=\count344
\c@listb=\count345
\c@savedlistb=\count346
\c@listc=\count347
\c@savedlistc=\count348
\c@listd=\count349
\c@savedlistd=\count350
\c@liste=\count351
\c@savedliste=\count352
\c@listf=\count353
\c@savedlistf=\count354
\c@location=\count355
\c@savedlocation=\count356
\c@organization=\count357
\c@savedorganization=\count358
\c@origlocation=\count359
\c@savedoriglocation=\count360
\c@origpublisher=\count361
\c@savedorigpublisher=\count362
\c@publisher=\count363
\c@savedpublisher=\count364
\c@language=\count365
\c@savedlanguage=\count366
\c@origlanguage=\count367
\c@savedoriglanguage=\count368
\c@pageref=\count369
\c@savedpageref=\count370
\shorthandwidth=\skip60
\shortjournalwidth=\skip61
\shortserieswidth=\skip62
\shorttitlewidth=\skip63
\shortauthorwidth=\skip64
\shorteditorwidth=\skip65
\locallabelnumberwidth=\skip66
\locallabelalphawidth=\skip67
\localshorthandwidth=\skip68
\localshortjournalwidth=\skip69
\localshortserieswidth=\skip70
\localshorttitlewidth=\skip71
\localshortauthorwidth=\skip72
\localshorteditorwidth=\skip73
Package biblatex Info: Trying to load compatibility code...
Package biblatex Info: ... file 'blx-compat.def' found.
 ("C:\Users\Coss\AppData\Local\Programs\MiKTeX 2.9\tex/latex/biblatex\blx-compat.def"
File: blx-compat.def 2019/12/01 v3.14 biblatex compatibility (PK/MW)
)
Package biblatex Info: Trying to load generic definitions...
Package biblatex Info: ... file 'biblatex.def' found.
 ("C:\Users\Coss\AppData\Local\Programs\MiKTeX 2.9\tex/latex/biblatex\biblatex.def"
File: biblatex.def 2019/12/01 v3.14 biblatex compatibility (PK/MW)
\c@textcitecount=\count371
\c@textcitetotal=\count372
\c@textcitemaxnames=\count373
\c@biburlbigbreakpenalty=\count374
\c@biburlbreakpenalty=\count375
\c@biburlnumpenalty=\count376
\c@biburlucpenalty=\count377
\c@biburllcpenalty=\count378
\biburlbigskip=\muskip18
\biburlnumskip=\muskip19
\biburlucskip=\muskip20
\biburllcskip=\muskip21
\c@smartand=\count379
)
Package biblatex Info: Trying to load bibliography style 'numeric'...
Package biblatex Info: ... file 'numeric.bbx' found.
 ("C:\Users\Coss\AppData\Local\Programs\MiKTeX 2.9\tex/latex/biblatex/bbx\numeric.bbx"
File: numeric.bbx 2019/12/01 v3.14 biblatex bibliography style (PK/MW)
Package biblatex Info: Trying to load bibliography style 'standard'...
Package biblatex Info: ... file 'standard.bbx' found.
 ("C:\Users\Coss\AppData\Local\Programs\MiKTeX 2.9\tex/latex/biblatex/bbx\standard.bbx"
File: standard.bbx 2019/12/01 v3.14 biblatex bibliography style (PK/MW)
\c@bbx:relatedcount=\count380
\c@bbx:relatedtotal=\count381
))
Package biblatex Info: Trying to load citation style 'numeric'...
Package biblatex Info: ... file 'numeric.cbx' found.
 ("C:\Users\Coss\AppData\Local\Programs\MiKTeX 2.9\tex/latex/biblatex/cbx\numeric.cbx"
File: numeric.cbx 2019/12/01 v3.14 biblatex citation style (PK/MW)
Package biblatex Info: Redefining '\cite'.
Package biblatex Info: Redefining '\parencite'.
Package biblatex Info: Redefining '\footcite'.
Package biblatex Info: Redefining '\footcitetext'.
Package biblatex Info: Redefining '\smartcite'.
Package biblatex Info: Redefining '\supercite'.
Package biblatex Info: Redefining '\textcite'.
Package biblatex Info: Redefining '\textcites'.
Package biblatex Info: Redefining '\cites'.
Package biblatex Info: Redefining '\parencites'.
Package biblatex Info: Redefining '\smartcites'.
)
Package biblatex Info: Trying to load configuration file...
Package biblatex Info: ... file 'biblatex.cfg' found.
 ("C:\Users\Coss\AppData\Local\Programs\MiKTeX 2.9\tex/latex/biblatex\biblatex.cfg"
File: biblatex.cfg 
)) ("C:\Users\Coss\AppData\Local\Programs\MiKTeX 2.9\tex/latex/graphics\graphicx.sty"
Package: graphicx 2019/11/30 v1.2a Enhanced LaTeX Graphics (DPC,SPQR)
 ("C:\Users\Coss\AppData\Local\Programs\MiKTeX 2.9\tex/latex/graphics\graphics.sty"
Package: graphics 2019/11/30 v1.4a Standard LaTeX Graphics (DPC,SPQR)
 ("C:\Users\Coss\AppData\Local\Programs\MiKTeX 2.9\tex/latex/graphics\trig.sty"
Package: trig 2016/01/03 v1.10 sin cos tan (DPC)
) ("C:\Users\Coss\AppData\Local\Programs\MiKTeX 2.9\tex/latex/graphics-cfg\graphics.cfg"
File: graphics.cfg 2016/06/04 v1.11 sample graphics configuration
)
Package graphics Info: Driver file: pdftex.def on input line 105.
 ("C:\Users\Coss\AppData\Local\Programs\MiKTeX 2.9\tex/latex/graphics-def\pdftex.def"
File: pdftex.def 2018/01/08 v1.0l Graphics/color driver for pdftex
))
\Gin@req@height=\dimen152
\Gin@req@width=\dimen153
) ("C:\Users\Coss\AppData\Local\Programs\MiKTeX 2.9\tex/latex/was\upgreek.sty"
Package: upgreek 2003/02/12 v2.0 (WaS)
Package upgreek Info: Using Adobe Symbol for upright Greek on input line 82.
\symugrf@m=\mathgroup6
) ("C:\Users\Coss\AppData\Local\Programs\MiKTeX 2.9\tex/latex/listings\listings.sty"
\lst@mode=\count382
\lst@gtempboxa=\box47
\lst@token=\toks23
\lst@length=\count383
\lst@currlwidth=\dimen154
\lst@column=\count384
\lst@pos=\count385
\lst@lostspace=\dimen155
\lst@width=\dimen156
\lst@newlines=\count386
\lst@lineno=\count387
\lst@maxwidth=\dimen157
 ("C:\Users\Coss\AppData\Local\Programs\MiKTeX 2.9\tex/latex/listings\lstmisc.sty"
File: lstmisc.sty 2019/09/10 1.8c (Carsten Heinz)
\c@lstnumber=\count388
\lst@skipnumbers=\count389
\lst@framebox=\box48
) ("C:\Users\Coss\AppData\Local\Programs\MiKTeX 2.9\tex/latex/listings\listings.cfg"
File: listings.cfg 2019/09/10 1.8c listings configuration
))
Package: listings 2019/09/10 1.8c (Carsten Heinz)
 ("C:\Users\Coss\AppData\Local\Programs\MiKTeX 2.9\tex/latex/pythonhighlight\pythonhighlight.sty"
Package: pythonhighlight 2017/02/09 python code highlighting; provided by Olivier Verdier <olivier.verdier@gmail.com>
 ("C:\Users\Coss\AppData\Local\Programs\MiKTeX 2.9\tex/latex/xcolor\xcolor.sty"
Package: xcolor 2016/05/11 v2.12 LaTeX color extensions (UK)
 ("C:\Users\Coss\AppData\Local\Programs\MiKTeX 2.9\tex/latex/graphics-cfg\color.cfg"
File: color.cfg 2016/01/02 v1.6 sample color configuration
)
Package xcolor Info: Driver file: pdftex.def on input line 225.
Package xcolor Info: Model `cmy' substituted by `cmy0' on input line 1348.
Package xcolor Info: Model `hsb' substituted by `rgb' on input line 1352.
Package xcolor Info: Model `RGB' extended on input line 1364.
Package xcolor Info: Model `HTML' substituted by `rgb' on input line 1366.
Package xcolor Info: Model `Hsb' substituted by `hsb' on input line 1367.
Package xcolor Info: Model `tHsb' substituted by `hsb' on input line 1368.
Package xcolor Info: Model `HSB' substituted by `hsb' on input line 1369.
Package xcolor Info: Model `Gray' substituted by `gray' on input line 1370.
Package xcolor Info: Model `wave' substituted by `hsb' on input line 1371.
)) ("C:\Users\Coss\AppData\Local\Programs\MiKTeX 2.9\tex/latex/wasysym\wasysym.sty"
Package: wasysym 2020/01/19 v2.4 Wasy-2 symbol support package
\symwasy=\mathgroup7
LaTeX Font Info:    Overwriting symbol font `wasy' in version `bold'
(Font)                  U/wasy/m/n --> U/wasy/b/n on input line 93.
) ("C:\Users\Coss\AppData\Local\Programs\MiKTeX 2.9\tex/latex/hyperref\hyperref.sty"
Package: hyperref 2020/01/14 v7.00d Hypertext links for LaTeX
 ("C:\Users\Coss\AppData\Local\Programs\MiKTeX 2.9\tex/generic/kvdefinekeys\kvdefinekeys.sty"
Package: kvdefinekeys 2019-12-19 v1.6 Define keys (HO)
) ("C:\Users\Coss\AppData\Local\Programs\MiKTeX 2.9\tex/generic/pdfescape\pdfescape.sty"
Package: pdfescape 2019/12/09 v1.15 Implements pdfTeX's escape features (HO)
) ("C:\Users\Coss\AppData\Local\Programs\MiKTeX 2.9\tex/latex/hycolor\hycolor.sty"
Package: hycolor 2020-01-27 v1.10 Color options for hyperref/bookmark (HO)
) ("C:\Users\Coss\AppData\Local\Programs\MiKTeX 2.9\tex/latex/letltxmacro\letltxmacro.sty"
Package: letltxmacro 2019/12/03 v1.6 Let assignment for LaTeX macros (HO)
) ("C:\Users\Coss\AppData\Local\Programs\MiKTeX 2.9\tex/latex/auxhook\auxhook.sty"
Package: auxhook 2019-12-17 v1.6 Hooks for auxiliary files (HO)
)
\@linkdim=\dimen158
\Hy@linkcounter=\count390
\Hy@pagecounter=\count391
 ("C:\Users\Coss\AppData\Local\Programs\MiKTeX 2.9\tex/latex/hyperref\pd1enc.def"
File: pd1enc.def 2020/01/14 v7.00d Hyperref: PDFDocEncoding definition (HO)
Now handling font encoding PD1 ...
... no UTF-8 mapping file for font encoding PD1
) ("C:\Users\Coss\AppData\Local\Programs\MiKTeX 2.9\tex/generic/intcalc\intcalc.sty"
Package: intcalc 2019/12/15 v1.3 Expandable calculations with integers (HO)
) ("C:\Users\Coss\AppData\Local\Programs\MiKTeX 2.9\tex/generic/etexcmds\etexcmds.sty"
Package: etexcmds 2019/12/15 v1.7 Avoid name clashes with e-TeX commands (HO)
)
\Hy@SavedSpaceFactor=\count392
Package hyperref Info: Hyper figures OFF on input line 4547.
Package hyperref Info: Link nesting OFF on input line 4552.
Package hyperref Info: Hyper index ON on input line 4555.
Package hyperref Info: Plain pages OFF on input line 4562.
Package hyperref Info: Backreferencing OFF on input line 4567.
Package hyperref Info: Implicit mode ON; LaTeX internals redefined.
Package hyperref Info: Bookmarks ON on input line 4800.
\c@Hy@tempcnt=\count393
LaTeX Info: Redefining \url on input line 5159.
\XeTeXLinkMargin=\dimen159
 ("C:\Users\Coss\AppData\Local\Programs\MiKTeX 2.9\tex/generic/bitset\bitset.sty"
Package: bitset 2019/12/09 v1.3 Handle bit-vector datatype (HO)
 ("C:\Users\Coss\AppData\Local\Programs\MiKTeX 2.9\tex/generic/bigintcalc\bigintcalc.sty"
Package: bigintcalc 2019/12/15 v1.5 Expandable calculations on big integers (HO)
))
\Fld@menulength=\count394
\Field@Width=\dimen160
\Fld@charsize=\dimen161
Package hyperref Info: Hyper figures OFF on input line 6430.
Package hyperref Info: Link nesting OFF on input line 6435.
Package hyperref Info: Hyper index ON on input line 6438.
Package hyperref Info: backreferencing OFF on input line 6445.
Package hyperref Info: Link coloring OFF on input line 6450.
Package hyperref Info: Link coloring with OCG OFF on input line 6455.
Package hyperref Info: PDF/A mode OFF on input line 6460.
LaTeX Info: Redefining \ref on input line 6500.
LaTeX Info: Redefining \pageref on input line 6504.
 ("C:\Users\Coss\AppData\Local\Programs\MiKTeX 2.9\tex/generic/atbegshi\atbegshi.sty"
Package: atbegshi 2019/12/05 v1.19 At begin shipout hook (HO)
)
\Hy@abspage=\count395
\c@Item=\count396
\c@Hfootnote=\count397
)
Package hyperref Info: Driver (autodetected): hpdftex.
 ("C:\Users\Coss\AppData\Local\Programs\MiKTeX 2.9\tex/latex/hyperref\hpdftex.def"
File: hpdftex.def 2020/01/14 v7.00d Hyperref driver for pdfTeX
 ("C:\Users\Coss\AppData\Local\Programs\MiKTeX 2.9\tex/latex/atveryend\atveryend.sty"
Package: atveryend 2019-12-11 v1.11 Hooks at the very end of document (HO)
)
\Fld@listcount=\count398
\c@bookmark@seq@number=\count399
 ("C:\Users\Coss\AppData\Local\Programs\MiKTeX 2.9\tex/latex/rerunfilecheck\rerunfilecheck.sty"
Package: rerunfilecheck 2019/12/05 v1.9 Rerun checks for auxiliary files (HO)
 ("C:\Users\Coss\AppData\Local\Programs\MiKTeX 2.9\tex/generic/uniquecounter\uniquecounter.sty"
Package: uniquecounter 2019/12/15 v1.4 Provide unlimited unique counter (HO)
)
Package uniquecounter Info: New unique counter `rerunfilecheck' on input line 286.
)
\Hy@SectionHShift=\skip74
) ("C:\Users\Coss\AppData\Local\Programs\MiKTeX 2.9\tex/latex/tools\indentfirst.sty"
Package: indentfirst 1995/11/23 v1.03 Indent first paragraph (DPC)
)
\@quotelevel=\count400
\@quotereset=\count401
 ("C:\Users\Coss\AppData\Local\Programs\MiKTeX 2.9\tex/latex/l3backend\l3backend-pdfmode.def"
File: l3backend-pdfmode.def 2020-02-03 L3 backend support: PDF mode
\l__kernel_color_stack_int=\count402
\l__pdf_internal_box=\box49
) ("f:/Licenta\BE.Automatic.Chords.Recognition\paper_licence\Licenta Latex.aux"

LaTeX Warning: Label `' multiply defined.


LaTeX Warning: Label `' multiply defined.


LaTeX Warning: Label `fig:bits' multiply defined.


LaTeX Warning: Label `fig:bits' multiply defined.

)
\openout1 = `"Licenta Latex.aux"'.

LaTeX Font Info:    Checking defaults for OML/cmm/m/it on input line 52.
LaTeX Font Info:    ... okay on input line 52.
LaTeX Font Info:    Checking defaults for OMS/cmsy/m/n on input line 52.
LaTeX Font Info:    ... okay on input line 52.
LaTeX Font Info:    Checking defaults for OT1/cmr/m/n on input line 52.
LaTeX Font Info:    ... okay on input line 52.
LaTeX Font Info:    Checking defaults for T1/cmr/m/n on input line 52.
LaTeX Font Info:    ... okay on input line 52.
LaTeX Font Info:    Checking defaults for TS1/cmr/m/n on input line 52.
LaTeX Font Info:    ... okay on input line 52.
LaTeX Font Info:    Checking defaults for OMX/cmex/m/n on input line 52.
LaTeX Font Info:    ... okay on input line 52.
LaTeX Font Info:    Checking defaults for U/cmr/m/n on input line 52.
LaTeX Font Info:    ... okay on input line 52.
LaTeX Font Info:    Checking defaults for PD1/pdf/m/n on input line 52.
LaTeX Font Info:    ... okay on input line 52.
LaTeX Font Info:    Trying to load font information for OT1+ptm on input line 52.
 ("C:\Users\Coss\AppData\Local\Programs\MiKTeX 2.9\tex/latex/psnfss\ot1ptm.fd"
File: ot1ptm.fd 2001/06/04 font definitions for OT1/ptm.
)
*geometry* driver: auto-detecting
*geometry* detected driver: pdftex
*geometry* verbose mode - [ preamble ] result:
* driver: pdftex
* paper: a4paper
* layout: <same size as paper>
* layoutoffset:(h,v)=(0.0pt,0.0pt)
* modes: 
* h-part:(L,W,R)=(72.26999pt, 452.9679pt, 72.26999pt)
* v-part:(T,H,B)=(72.26999pt, 700.50687pt, 72.26999pt)
* \paperwidth=597.50787pt
* \paperheight=845.04684pt
* \textwidth=452.9679pt
* \textheight=700.50687pt
* \oddsidemargin=0.0pt
* \evensidemargin=0.0pt
* \topmargin=-37.0pt
* \headheight=12.0pt
* \headsep=25.0pt
* \topskip=12.0pt
* \footskip=30.0pt
* \marginparwidth=35.0pt
* \marginparsep=10.0pt
* \columnsep=10.0pt
* \skip\footins=10.8pt plus 4.0pt minus 2.0pt
* \hoffset=0.0pt
* \voffset=0.0pt
* \mag=1000
* \@twocolumnfalse
* \@twosidefalse
* \@mparswitchfalse
* \@reversemarginfalse
* (1in=72.27pt=25.4mm, 1cm=28.453pt)

Package biblatex Info: Trying to load language 'english' -> 'UKenglish'...
Package biblatex Info: ... file 'UKenglish.lbx' found.
("C:\Users\Coss\AppData\Local\Programs\MiKTeX 2.9\tex/latex/biblatex/lbx\UKenglish.lbx"
File: UKenglish.lbx 2019/12/01 v3.14 biblatex localization (PK/MW)
Package biblatex Info: Trying to load language 'british'...
Package biblatex Info: ... file 'british.lbx' found.
 ("C:\Users\Coss\AppData\Local\Programs\MiKTeX 2.9\tex/latex/biblatex/lbx\british.lbx"
File: british.lbx 2019/12/01 v3.14 biblatex localization (PK/MW)
)
Package biblatex Info: Trying to load language 'british'...
Package biblatex Info: ... file 'british.lbx' found.
 ("C:\Users\Coss\AppData\Local\Programs\MiKTeX 2.9\tex/latex/biblatex/lbx\british.lbx"
File: british.lbx 2019/12/01 v3.14 biblatex localization (PK/MW)
Package biblatex Info: Trying to load language 'english'...
Package biblatex Info: ... file 'english.lbx' found.
 ("C:\Users\Coss\AppData\Local\Programs\MiKTeX 2.9\tex/latex/biblatex/lbx\english.lbx"
File: english.lbx 2019/12/01 v3.14 biblatex localization (PK/MW)
)))
Package biblatex Info: Input encoding 'utf8' detected.
Package biblatex Info: Automatic encoding selection.
(biblatex)             Assuming data encoding 'utf8'.
\openout3 = `"Licenta Latex.bcf"'.

Package biblatex Info: Trying to load bibliographic data...
Package biblatex Info: ... file '"Licenta Latex".bbl' found.
 ("f:/Licenta\BE.Automatic.Chords.Recognition\paper_licence\Licenta Latex.bbl")
Package biblatex Info: Reference section=0 on input line 52.
Package biblatex Info: Reference segment=0 on input line 52.
 ("C:\Users\Coss\AppData\Local\Programs\MiKTeX 2.9\tex/context/base/mkii\supp-pdf.mkii"
[Loading MPS to PDF converter (version 2006.09.02).]
\scratchcounter=\count403
\scratchdimen=\dimen162
\scratchbox=\box50
\nofMPsegments=\count404
\nofMParguments=\count405
\everyMPshowfont=\toks24
\MPscratchCnt=\count406
\MPscratchDim=\dimen163
\MPnumerator=\count407
\makeMPintoPDFobject=\count408
\everyMPtoPDFconversion=\toks25
) ("C:\Users\Coss\AppData\Local\Programs\MiKTeX 2.9\tex/latex/epstopdf-pkg\epstopdf-base.sty"
Package: epstopdf-base 2020-01-24 v2.11 Base part for package epstopdf
Package epstopdf-base Info: Redefining graphics rule for `.eps' on input line 485.
)
\c@lstlisting=\count409
\AtBeginShipoutBox=\box51
Package hyperref Info: Link coloring OFF on input line 52.
 ("C:\Users\Coss\AppData\Local\Programs\MiKTeX 2.9\tex/latex/hyperref\nameref.sty"
Package: nameref 2019/09/16 v2.46 Cross-referencing by name of section
 ("C:\Users\Coss\AppData\Local\Programs\MiKTeX 2.9\tex/latex/refcount\refcount.sty"
Package: refcount 2019/12/15 v3.6 Data extraction from label references (HO)
) ("C:\Users\Coss\AppData\Local\Programs\MiKTeX 2.9\tex/generic/gettitlestring\gettitlestring.sty"
Package: gettitlestring 2019/12/15 v1.6 Cleanup title references (HO)
)
\c@section@level=\count410
)
LaTeX Info: Redefining \ref on input line 52.
LaTeX Info: Redefining \pageref on input line 52.
LaTeX Info: Redefining \nameref on input line 52.
 ("f:/Licenta\BE.Automatic.Chords.Recognition\paper_licence\Licenta Latex.out") ("f:/Licenta\BE.Automatic.Chords.Recognition\paper_licence\Licenta Latex.out")
\@outlinefile=\write4
\openout4 = `"Licenta Latex.out"'.

LaTeX Font Info:    Trying to load font information for OT1+ztmcm on input line 65.
 ("C:\Users\Coss\AppData\Local\Programs\MiKTeX 2.9\tex/latex/psnfss\ot1ztmcm.fd"
File: ot1ztmcm.fd 2000/01/03 Fontinst v1.801 font definitions for OT1/ztmcm.
)
LaTeX Font Info:    Trying to load font information for OML+ztmcm on input line 65.
 ("C:\Users\Coss\AppData\Local\Programs\MiKTeX 2.9\tex/latex/psnfss\omlztmcm.fd"
File: omlztmcm.fd 2000/01/03 Fontinst v1.801 font definitions for OML/ztmcm.
)
LaTeX Font Info:    Trying to load font information for OMS+ztmcm on input line 65.
 ("C:\Users\Coss\AppData\Local\Programs\MiKTeX 2.9\tex/latex/psnfss\omsztmcm.fd"
File: omsztmcm.fd 2000/01/03 Fontinst v1.801 font definitions for OMS/ztmcm.
)
LaTeX Font Info:    Trying to load font information for OMX+ztmcm on input line 65.
 ("C:\Users\Coss\AppData\Local\Programs\MiKTeX 2.9\tex/latex/psnfss\omxztmcm.fd"
File: omxztmcm.fd 2000/01/03 Fontinst v1.801 font definitions for OMX/ztmcm.
)
LaTeX Font Info:    Font shape `OT1/ptm/bx/n' in size <20.74> not available
(Font)              Font shape `OT1/ptm/b/n' tried instead on input line 65.
LaTeX Font Info:    Font shape `OT1/ptm/bx/n' in size <14.4> not available
(Font)              Font shape `OT1/ptm/b/n' tried instead on input line 65.
LaTeX Font Info:    Font shape `OT1/ptm/bx/n' in size <12> not available
(Font)              Font shape `OT1/ptm/b/n' tried instead on input line 65.
LaTeX Font Info:    Trying to load font information for U+psy on input line 65.
 ("C:\Users\Coss\AppData\Local\Programs\MiKTeX 2.9\tex/latex/psnfss\upsy.fd"
File: upsy.fd 2001/06/04 font definitions for U/psy.
)
LaTeX Font Info:    Trying to load font information for U+wasy on input line 65.
 ("C:\Users\Coss\AppData\Local\Programs\MiKTeX 2.9\tex/latex/wasysym\uwasy.fd"
File: uwasy.fd 2020/01/19 v2.4 Wasy-2 symbol font definitions
)
LaTeX Font Info:    Font shape `OT1/ptm/bx/n' in size <24.88> not available
(Font)              Font shape `OT1/ptm/b/n' tried instead on input line 67.
LaTeX Font Info:    Font shape `OT1/ptm/bx/n' in size <17.28> not available
(Font)              Font shape `OT1/ptm/b/n' tried instead on input line 67.
 [1

{C:/Users/Coss/AppData/Local/MiKTeX/2.9/pdftex/config/pdftex.map}]pdfTeX warning (ext4): destination with the same identifier (name{page.1}) has been already used, duplicate ignored
<to be read again> 
                   \relax 
l.138 \newpage
               [1

] ("f:/Licenta\BE.Automatic.Chords.Recognition\paper_licence\Licenta Latex.toc"
LaTeX Font Info:    Font shape `OT1/ptm/bx/n' in size <9> not available
(Font)              Font shape `OT1/ptm/b/n' tried instead on input line 5.
LaTeX Font Info:    Font shape `OT1/ptm/bx/n' in size <7> not available
(Font)              Font shape `OT1/ptm/b/n' tried instead on input line 5.
 [2

])
\tf@toc=\write5
\openout5 = `"Licenta Latex.toc"'.

 [3]
Capitolul 1.
[4

]
LaTeX Font Info:    Font shape `OT1/ptm/bx/n' in size <10> not available
(Font)              Font shape `OT1/ptm/b/n' tried instead on input line 230.


Package hyperref Warning: Glyph not defined in PD1 encoding,
(hyperref)                removing `\textcommabelow' on input line 230.

[5]
LaTeX Font Info:    Trying to load font information for TS1+ptm on input line 258.
 ("C:\Users\Coss\AppData\Local\Programs\MiKTeX 2.9\tex/latex/psnfss\ts1ptm.fd"
File: ts1ptm.fd 2001/06/04 font definitions for TS1/ptm.
)
Overfull \hbox (2.29393pt too wide) in paragraph at lines 265--275
\OT1/ptm/m/n/12 sonor. Pro-ce-sul de extrac[]ie a car-ac-ter-is-ti-cilor se []ncheie odat[]a cu crearea unei reprezent[]ari
 []

[6]
Capitolul 2.

Package hyperref Warning: Glyph not defined in PD1 encoding,
(hyperref)                removing `\textcommabelow' on input line 293.


Package hyperref Warning: Glyph not defined in PD1 encoding,
(hyperref)                removing `\textcommabelow' on input line 296.

[7

]

LaTeX Warning: `!h' float specifier changed to `!ht'.

[8] [9]

Package hyperref Warning: Glyph not defined in PD1 encoding,
(hyperref)                removing `\textcommabelow' on input line 489.


Package hyperref Warning: Glyph not defined in PD1 encoding,
(hyperref)                removing `\u' on input line 489.

<..//resources//images//partitura.JPG, id=298, 325.215pt x 44.41594pt>
File: ..//resources//images//partitura.JPG Graphic file (type jpg)
<use ..//resources//images//partitura.JPG>
Package pdftex.def Info: ..//resources//images//partitura.JPG  used on input line 498.
(pdftex.def)             Requested size: 284.52756pt x 38.8618pt.
<..//resources//images//partitura_2.JPG, id=301, 913.16156pt x 97.86563pt>
File: ..//resources//images//partitura_2.JPG Graphic file (type jpg)
<use ..//resources//images//partitura_2.JPG>
Package pdftex.def Info: ..//resources//images//partitura_2.JPG  used on input line 517.
(pdftex.def)             Requested size: 449.55362pt x 48.17856pt.
[10 <..//resources//images//partitura.JPG> <..//resources//images//partitura_2.JPG>]
<..//resources//images//tabulatura.JPG, id=314, 450.18187pt x 115.18031pt>
File: ..//resources//images//tabulatura.JPG Graphic file (type jpg)
<use ..//resources//images//tabulatura.JPG>
Package pdftex.def Info: ..//resources//images//tabulatura.JPG  used on input line 553.
(pdftex.def)             Requested size: 341.43306pt x 87.36041pt.
<..//resources//images//em.png, id=316, 207.02344pt x 186.6975pt>
File: ..//resources//images//em.png Graphic file (type png)
<use ..//resources//images//em.png>
Package pdftex.def Info: ..//resources//images//em.png  used on input line 577.
(pdftex.def)             Requested size: 99.58464pt x 89.81033pt.
 [11 <..//resources//images//tabulatura.JPG> <..//resources//images//em.png>]
Capitolul 3.
[12

]
<..//resources//images//bits_ex.jpg, id=335, 275.52937pt x 225.84375pt>
File: ..//resources//images//bits_ex.jpg Graphic file (type jpg)
<use ..//resources//images//bits_ex.jpg>
Package pdftex.def Info: ..//resources//images//bits_ex.jpg  used on input line 627.
(pdftex.def)             Requested size: 227.62204pt x 186.58183pt.

Overfull \hbox (1.27245pt too wide) in paragraph at lines 658--661
[]\OT1/ptm/m/n/12 Pentru a putea []n[]elege metoda trans-for-matei fourier pe ter-men scurt, este nevoie de definirea
 []

[13 <..//resources//images//bits_ex.jpg>]

Package hyperref Warning: Glyph not defined in PD1 encoding,
(hyperref)                removing `\u' on input line 662.

<..//resources//images//semnal_3hz.png, id=348, 757.32938pt x 206.27063pt>
File: ..//resources//images//semnal_3hz.png Graphic file (type png)
<use ..//resources//images//semnal_3hz.png>
Package pdftex.def Info: ..//resources//images//semnal_3hz.png  used on input line 668.
(pdftex.def)             Requested size: 341.43306pt x 92.99402pt.
[14 <..//resources//images//semnal_3hz.png>] [15] [16]

Package hyperref Warning: Glyph not defined in PD1 encoding,
(hyperref)                removing `\u' on input line 859.

("C:\Users\Coss\AppData\Local\Programs\MiKTeX 2.9\tex/latex/listings\lstlang1.sty"
File: lstlang1.sty 2019/09/10 1.8c listings language file
) ("C:\Users\Coss\AppData\Local\Programs\MiKTeX 2.9\tex/latex/listings\lstmisc.sty"
File: lstmisc.sty 2019/09/10 1.8c (Carsten Heinz)
)
LaTeX Font Info:    Font shape `OT1/cmtt/bx/n' in size <10> not available
(Font)              Font shape `OT1/cmtt/m/n' tried instead on input line 906.
 [17]
<..//resources//images//Chroma_Am.png, id=390, 766.7847pt x 381.5856pt>
File: ..//resources//images//Chroma_Am.png Graphic file (type png)
<use ..//resources//images//Chroma_Am.png>
Package pdftex.def Info: ..//resources//images//Chroma_Am.png  used on input line 969.
(pdftex.def)             Requested size: 375.57628pt x 186.90288pt.
 [18 <..//resources//images//Chroma_Am.png>]
Capitolul 4.

Package hyperref Warning: Glyph not defined in PD1 encoding,
(hyperref)                removing `\u' on input line 978.


Package hyperref Warning: Glyph not defined in PD1 encoding,
(hyperref)                removing `\textcommabelow' on input line 978.


Package hyperref Warning: Glyph not defined in PD1 encoding,
(hyperref)                removing `\u' on input line 978.

[19

]
<..//resources//images//clustering.jpg, id=408, 364.36125pt x 164.11313pt>
File: ..//resources//images//clustering.jpg Graphic file (type jpg)
<use ..//resources//images//clustering.jpg>
Package pdftex.def Info: ..//resources//images//clustering.jpg  used on input line 1031.
(pdftex.def)             Requested size: 284.52756pt x 128.16046pt.
 [20 <..//resources//images//clustering.jpg>]

Package hyperref Warning: Glyph not defined in PD1 encoding,
(hyperref)                removing `\u' on input line 1100.

[21] [22]
<..//resources//images//hmm_model.png, id=437, 803.0pt x 642.4pt>
File: ..//resources//images//hmm_model.png Graphic file (type png)
<use ..//resources//images//hmm_model.png>
Package pdftex.def Info: ..//resources//images//hmm_model.png  used on input line 1161.
(pdftex.def)             Requested size: 284.52756pt x 227.6272pt.
 [23 <..//resources//images//hmm_model.png>]

Package hyperref Warning: Glyph not defined in PD1 encoding,
(hyperref)                removing `\textcommabelow' on input line 1183.

[24]
<..//resources//images//structura_generala_a_unui_neuron.JPG, id=458, 492.33937pt x 296.60812pt>
File: ..//resources//images//structura_generala_a_unui_neuron.JPG Graphic file (type jpg)
<use ..//resources//images//structura_generala_a_unui_neuron.JPG>
Package pdftex.def Info: ..//resources//images//structura_generala_a_unui_neuron.JPG  used on input line 1253.
(pdftex.def)             Requested size: 369.88582pt x 222.84476pt.
 [25 <..//resources//images//structura_generala_a_unui_neuron.JPG>] [26]

Package hyperref Warning: Glyph not defined in PD1 encoding,
(hyperref)                removing `\textcommabelow' on input line 1303.

LaTeX Font Info:    Font shape `OT1/ptm/bx/n' in size <10.95> not available
(Font)              Font shape `OT1/ptm/b/n' tried instead on input line 1325.
LaTeX Font Info:    Font shape `OT1/ptm/bx/n' in size <8> not available
(Font)              Font shape `OT1/ptm/b/n' tried instead on input line 1325.

Package hyperref Warning: Glyph not defined in PD1 encoding,
(hyperref)                removing `\textcommabelow' on input line 1325.


Package hyperref Warning: Glyph not defined in PD1 encoding,
(hyperref)                removing `\textcommabelow' on input line 1325.

[27]
<..//resources//images//conv_layer.JPG, id=479, 306.39468pt x 182.18062pt>
File: ..//resources//images//conv_layer.JPG Graphic file (type jpg)
<use ..//resources//images//conv_layer.JPG>
Package pdftex.def Info: ..//resources//images//conv_layer.JPG  used on input line 1374.
(pdftex.def)             Requested size: 256.0748pt x 152.26898pt.
<..//resources//images//pooling.JPG, id=482, 251.43938pt x 195.73125pt>
File: ..//resources//images//pooling.JPG Graphic file (type jpg)
<use ..//resources//images//pooling.JPG>
Package pdftex.def Info: ..//resources//images//pooling.JPG  used on input line 1391.
(pdftex.def)             Requested size: 256.0748pt x 199.33858pt.


LaTeX Warning: `!h' float specifier changed to `!ht'.

[28 <..//resources//images//conv_layer.JPG>] [29 <..//resources//images//pooling.JPG>]
<..//resources//images//conv_cnn.jpeg, id=498, 1259.70625pt x 425.59pt>
File: ..//resources//images//conv_cnn.jpeg Graphic file (type jpg)
<use ..//resources//images//conv_cnn.jpeg>
Package pdftex.def Info: ..//resources//images//conv_cnn.jpeg  used on input line 1452.
(pdftex.def)             Requested size: 426.79134pt x 144.19214pt.
 [30 <..//resources//images//conv_cnn.jpeg>]

Package hyperref Warning: Glyph not defined in PD1 encoding,
(hyperref)                removing `\textcommabelow' on input line 1478.

[31]
Capitolul 5.

Package hyperref Warning: Glyph not defined in PD1 encoding,
(hyperref)                removing `\textcommabelow' on input line 1524.


Overfull \hbox (0.13472pt too wide) in paragraph at lines 1530--1535
\OT1/ptm/m/n/12 stra-turile convolu[]ionale, stra-turile de agre-gare []i star-turile de ac-ti-vare. Stra-turile convolu[]ionale
 []

[32

]
<..//resources//images//myplot_new_distribution.png, id=520, 803.0pt x 401.5pt>
File: ..//resources//images//myplot_new_distribution.png Graphic file (type png)
<use ..//resources//images//myplot_new_distribution.png>
Package pdftex.def Info: ..//resources//images//myplot_new_distribution.png  used on input line 1582.
(pdftex.def)             Requested size: 398.33858pt x 199.17502pt.
 [33 <..//resources//images//myplot_new_distribution.png (PNG copy)>] [34]

Package hyperref Warning: Glyph not defined in PD1 encoding,
(hyperref)                removing `\u' on input line 1634.


Package hyperref Warning: Glyph not defined in PD1 encoding,
(hyperref)                removing `\u' on input line 1634.

[35] [36]

Package hyperref Warning: Glyph not defined in PD1 encoding,
(hyperref)                removing `\textcommabelow' on input line 1747.

<..//resources//images//wave_onset_detection.JPG, id=594, 706.89093pt x 310.15875pt>
File: ..//resources//images//wave_onset_detection.JPG Graphic file (type jpg)
<use ..//resources//images//wave_onset_detection.JPG>
Package pdftex.def Info: ..//resources//images//wave_onset_detection.JPG  used on input line 1781.
(pdftex.def)             Requested size: 426.79134pt x 187.26091pt.
[37 <..//resources//images//wave_onset_detection.JPG>] [38]

Package hyperref Warning: Glyph not defined in PD1 encoding,
(hyperref)                removing `\textcommabelow' on input line 1852.


Package hyperref Warning: Glyph not defined in PD1 encoding,
(hyperref)                removing `\textcommabelow' on input line 1852.

<..//resources//cnn_arhitecture_image.JPG, id=639, 362.10281pt x 406.51875pt>
File: ..//resources//cnn_arhitecture_image.JPG Graphic file (type jpg)
<use ..//resources//cnn_arhitecture_image.JPG>
Package pdftex.def Info: ..//resources//cnn_arhitecture_image.JPG  used on input line 1889.
(pdftex.def)             Requested size: 284.52756pt x 319.43427pt.

LaTeX Warning: `!h' float specifier changed to `!ht'.

[39] [40 <..//resources//cnn_arhitecture_image.JPG>] [41] [42]

LaTeX Warning: `!h' float specifier changed to `!ht'.

[43]
<..//resources//images//loss_accuracy.JPG, id=734, 1004.25188pt x 377.15906pt>
File: ..//resources//images//loss_accuracy.JPG Graphic file (type jpg)
<use ..//resources//images//loss_accuracy.JPG>
Package pdftex.def Info: ..//resources//images//loss_accuracy.JPG  used on input line 2147.
(pdftex.def)             Requested size: 449.55362pt x 168.8395pt.


Package hyperref Warning: Glyph not defined in PD1 encoding,
(hyperref)                removing `\textcommabelow' on input line 2168.


Package hyperref Warning: Glyph not defined in PD1 encoding,
(hyperref)                removing `\u' on input line 2168.

[44 <..//resources//images//loss_accuracy.JPG>] [45]
Capitolul 6.

Package hyperref Warning: Glyph not defined in PD1 encoding,
(hyperref)                removing `\textcommabelow' on input line 2249.

[46

] [47]

Package hyperref Warning: Glyph not defined in PD1 encoding,
(hyperref)                removing `\textcommabelow' on input line 2353.


Package hyperref Warning: Glyph not defined in PD1 encoding,
(hyperref)                removing `\u' on input line 2353.

[48]

Package hyperref Warning: Glyph not defined in PD1 encoding,
(hyperref)                removing `\textcommabelow' on input line 2391.


Package hyperref Warning: Glyph not defined in PD1 encoding,
(hyperref)                removing `\u' on input line 2391.

<..//resources//images//cazuri_de_utilizare_v3.JPG, id=788, 454.69875pt x 473.51906pt>
File: ..//resources//images//cazuri_de_utilizare_v3.JPG Graphic file (type jpg)
<use ..//resources//images//cazuri_de_utilizare_v3.JPG>
Package pdftex.def Info: ..//resources//images//cazuri_de_utilizare_v3.JPG  used on input line 2438.
(pdftex.def)             Requested size: 398.33858pt x 414.83391pt.

LaTeX Warning: `!h' float specifier changed to `!ht'.

[49]
<..//resources//images//diagrama_de_secventa2.JPG, id=799, 707.64375pt x 448.67625pt>
File: ..//resources//images//diagrama_de_secventa2.JPG Graphic file (type jpg)
<use ..//resources//images//diagrama_de_secventa2.JPG>
Package pdftex.def Info: ..//resources//images//diagrama_de_secventa2.JPG  used on input line 2465.
(pdftex.def)             Requested size: 449.55396pt x 298.76305pt.


LaTeX Warning: `!h' float specifier changed to `!ht'.

[50 <..//resources//images//cazuri_de_utilizare_v3.JPG>]
<..//resources//images//class_diagram.JPG, id=806, 505.13719pt x 384.6872pt>
File: ..//resources//images//class_diagram.JPG Graphic file (type jpg)
<use ..//resources//images//class_diagram.JPG>
Package pdftex.def Info: ..//resources//images//class_diagram.JPG  used on input line 2496.
(pdftex.def)             Requested size: 449.55362pt x 342.36465pt.


LaTeX Warning: `!h' float specifier changed to `!ht'.

[51 <..//resources//images//diagrama_de_secventa2.JPG>] [52 <..//resources//images//class_diagram.JPG>]
<..//resources//images//packages_diagram2.png, id=817, 1766.6pt x 923.45pt>
File: ..//resources//images//packages_diagram2.png Graphic file (type png)
<use ..//resources//images//packages_diagram2.png>
Package pdftex.def Info: ..//resources//images//packages_diagram2.png  used on input line 2533.
(pdftex.def)             Requested size: 449.55362pt x 234.9905pt.
 [53 <..//resources//images//packages_diagram2.png>]

Package hyperref Warning: Glyph not defined in PD1 encoding,
(hyperref)                removing `\textcommabelow' on input line 2564.


Package hyperref Warning: Glyph not defined in PD1 encoding,
(hyperref)                removing `\textcommabelow' on input line 2568.

[54]
<..//resources//images//mvvm_mobile2.png, id=835, 840.13875pt x 733.74126pt>
File: ..//resources//images//mvvm_mobile2.png Graphic file (type png)
<use ..//resources//images//mvvm_mobile2.png>
Package pdftex.def Info: ..//resources//images//mvvm_mobile2.png  used on input line 2636.
(pdftex.def)             Requested size: 398.33858pt x 347.89255pt.
 [55 <..//resources//images//mvvm_mobile2.png>]

Package hyperref Warning: Glyph not defined in PD1 encoding,
(hyperref)                removing `\textcommabelow' on input line 2641.


Package hyperref Warning: Glyph not defined in PD1 encoding,
(hyperref)                removing `\u' on input line 2641.


Package hyperref Warning: Glyph not defined in PD1 encoding,
(hyperref)                removing `\textcommabelow' on input line 2641.

[56]
<..//resources//images//mobile_1_v2.jpg, id=846, 639.89063pt x 414.04688pt>
File: ..//resources//images//mobile_1_v2.jpg Graphic file (type jpg)
<use ..//resources//images//mobile_1_v2.jpg>
Package pdftex.def Info: ..//resources//images//mobile_1_v2.jpg  used on input line 2728.
(pdftex.def)             Requested size: 449.55362pt x 290.89223pt.
 [57 <..//resources//images//mobile_1_v2.jpg>]
<..//resources//images//mobile_2_v2.jpg, id=852, 635.37375pt x 411.03563pt>
File: ..//resources//images//mobile_2_v2.jpg Graphic file (type jpg)
<use ..//resources//images//mobile_2_v2.jpg>
Package pdftex.def Info: ..//resources//images//mobile_2_v2.jpg  used on input line 2771.
(pdftex.def)             Requested size: 449.55362pt x 290.83383pt.
 [58 <..//resources//images//mobile_2_v2.jpg>]
Capitolul 7.

Package hyperref Warning: Glyph not defined in PD1 encoding,
(hyperref)                removing `\u' on input line 2897.


Package hyperref Warning: Glyph not defined in PD1 encoding,
(hyperref)                removing `\textcommabelow' on input line 2897.


Package hyperref Warning: Glyph not defined in PD1 encoding,
(hyperref)                removing `\u' on input line 2897.

[59

]
Overfull \hbox (1.26424pt too wide) in paragraph at lines 2940--2946
\OT1/ptm/m/n/12 performan[]ei, a in-tro-dus dou[]a val-ori speci-fice nu-mite Weighted Av-er-age Over-lap Ra-tio(WAOR),
 []

[60] [61]
Capitolul 8.
[62

]

Package hyperref Warning: Glyph not defined in PD1 encoding,
(hyperref)                removing `\u' on input line 3158.


Package hyperref Warning: Glyph not defined in PD1 encoding,
(hyperref)                removing `\u' on input line 3158.


Package hyperref Warning: Glyph not defined in PD1 encoding,
(hyperref)                removing `\textcommabelow' on input line 3158.

[63] [64

] [65] [66]
Overfull \hbox (1.51947pt too wide) in paragraph at lines 3213--3213
[]\OT1/ptm/m/it/12 Ultimate Gui-tar\OT1/ptm/m/n/12 . \OT1/ptm/m/sc/12 url\OT1/ptm/m/n/12 : []$\OT1/cmtt/m/n/12 h t t p s  : / / w w w  . u l t i m a t e  -[] g u i t a r  . c o m /$[] \OT1/ptm/m/n/12 (acce-sat []n 04/05/2020). 
 []

Package atveryend Info: Empty hook `BeforeClearDocument' on input line 3215.
[67]
Package atveryend Info: Empty hook `AfterLastShipout' on input line 3215.
 ("f:/Licenta\BE.Automatic.Chords.Recognition\paper_licence\Licenta Latex.aux")
Package atveryend Info: Executing hook `AtVeryEndDocument' on input line 3215.
Package atveryend Info: Executing hook `AtEndAfterFileList' on input line 3215.
Package rerunfilecheck Info: File `"Licenta Latex".out' has not changed.
(rerunfilecheck)             Checksum: 23569498BB5B3F892CA7E7D37DBFF9B0;3153.


LaTeX Warning: There were multiply-defined labels.

Package logreq Info: Writing requests to '"Licenta Latex".run.xml'.
\openout1 = `"Licenta Latex.run.xml"'.

 ) 
Here is how much of TeX's memory you used:
 17106 strings out of 481556
 291653 string characters out of 2914338
 1092420 words of memory out of 3000000
 31694 multiletter control sequences out of 15000+200000
 591016 words of font info for 147 fonts, out of 3000000 for 9000
 1141 hyphenation exceptions out of 8191
 38i,15n,59p,882b,2201s stack positions out of 5000i,500n,10000p,200000b,50000s
{C:/Users/Coss/AppData/Local/Programs/MiKTeX 2.9/fonts/enc/dvips/base/8r.enc}<C:/Users/Coss/AppData/Local/Programs/MiKTeX 2.9/fonts/type1/public/amsfonts/cm/cmex10.pfb><C:/Users/Coss/AppData/Local/Programs/MiKTeX 2.9/fonts/type1/public/amsfonts/cm/cmmi10.pfb><C:/Users/Coss/AppData/Local/Programs/MiKTeX 2.9/fonts/type1/public/amsfonts/cm/cmr10.pfb><C:/Users/Coss/AppData/Local/Programs/MiKTeX 2.9/fonts/type1/public/amsfonts/cm/cmsltt10.pfb><C:/Users/Coss/AppData/Local/Programs/MiKTeX 2.9/fonts/type1/public/amsfonts/cm/cmsy10.pfb><C:/Users/Coss/AppData/Local/Programs/MiKTeX 2.9/fonts/type1/public/amsfonts/cm/cmtt10.pfb><C:/Users/Coss/AppData/Local/Programs/MiKTeX 2.9/fonts/type1/public/amsfonts/cm/cmtt12.pfb><C:/Users/Coss/AppData/Local/Programs/MiKTeX 2.9/fonts/type1/urw/symbol/usyr.pfb><C:/Users/Coss/AppData/Local/Programs/MiKTeX 2.9/fonts/type1/urw/symbol/usyr.pfb><C:/Users/Coss/AppData/Local/Programs/MiKTeX 2.9/fonts/type1/urw/times/utmb8a.pfb><C:/Users/Coss/AppData/Local/Programs/MiKTeX 2.9/fonts/type1/urw/times/utmr8a.pfb><C:/Users/Coss/AppData/Local/Programs/MiKTeX 2.9/fonts/type1/urw/times/utmri8a.pfb>
Output written on "f:/Licenta\BE.Automatic.Chords.Recognition\paper_licence\Licenta Latex.pdf" (68 pages, 1525185 bytes).
PDF statistics:
 1077 PDF objects out of 1200 (max. 8388607)
 367 named destinations out of 1000 (max. 500000)
 481 words of extra memory for PDF output out of 10000 (max. 10000000)

