\BOOKMARK [0][-]{chapter.1}{Introducere}{}% 1
\BOOKMARK [1][-]{section.1.1}{Motivatia}{chapter.1}% 2
\BOOKMARK [1][-]{section.1.2}{Analiza proiectului}{chapter.1}% 3
\BOOKMARK [0][-]{chapter.2}{Notiuni introductive}{}% 4
\BOOKMARK [1][-]{section.2.1}{Pitch si clase de pitch}{chapter.2}% 5
\BOOKMARK [1][-]{section.2.2}{Acorduri muzicale}{chapter.2}% 6
\BOOKMARK [1][-]{section.2.3}{Notatia prin partitura}{chapter.2}% 7
\BOOKMARK [1][-]{section.2.4}{Tabulatura}{chapter.2}% 8
\BOOKMARK [0][-]{chapter.3}{Metode de procesare ale semnalului sonor}{}% 9
\BOOKMARK [1][-]{section.3.1}{Semnalul sonor}{chapter.3}% 10
\BOOKMARK [1][-]{section.3.2}{Transformata Fourier pe termen scurt}{chapter.3}% 11
\BOOKMARK [2][-]{subsection.3.2.1}{Interpretare matematica}{section.3.2}% 12
\BOOKMARK [2][-]{subsection.3.2.2}{Aplicabilitate}{section.3.2}% 13
\BOOKMARK [1][-]{section.3.3}{Transformata Q constanta}{chapter.3}% 14
\BOOKMARK [1][-]{section.3.4}{Chromagrama}{chapter.3}% 15
\BOOKMARK [0][-]{chapter.4}{Metode de clasificare}{}% 16
\BOOKMARK [1][-]{section.4.1}{Sisteme de \356nvatare automata}{chapter.4}% 17
\BOOKMARK [1][-]{section.4.2}{Modele Markov cu stari ascunse}{chapter.4}% 18
\BOOKMARK [1][-]{section.4.3}{Retele neuronale artificiale}{chapter.4}% 19
\BOOKMARK [1][-]{section.4.4}{Retele neuronale profunde}{chapter.4}% 20
\BOOKMARK [2][-]{subsection.4.4.1}{Retele neuronale convolutionale}{section.4.4}% 21
\BOOKMARK [2][-]{subsection.4.4.2}{Retele de convingeri profunde}{section.4.4}% 22
\BOOKMARK [0][-]{chapter.5}{Rezultate experimentale}{}% 23
\BOOKMARK [1][-]{section.5.1}{Descrierea solutie propuse}{chapter.5}% 24
\BOOKMARK [1][-]{section.5.2}{Setul de date}{chapter.5}% 25
\BOOKMARK [2][-]{subsection.5.2.1}{Augmentarea datelor}{section.5.2}% 26
\BOOKMARK [2][-]{subsection.5.2.2}{Normalizarea datelor}{section.5.2}% 27
\BOOKMARK [1][-]{section.5.3}{Extragerea trasaturilor muzicale}{chapter.5}% 28
\BOOKMARK [1][-]{section.5.4}{Detectarea tranzitiilor muzicale}{chapter.5}% 29
\BOOKMARK [1][-]{section.5.5}{Construirea, antrenarea si evaluarea modelului neuronal convolutional}{chapter.5}% 30
\BOOKMARK [1][-]{section.5.6}{Rezultate}{chapter.5}% 31
\BOOKMARK [2][-]{subsection.5.6.1}{Validare \356ncrucisata}{section.5.6}% 32
\BOOKMARK [0][-]{chapter.6}{Aplicatia sistemului}{}% 33
\BOOKMARK [1][-]{section.6.1}{Mediu de lucru}{chapter.6}% 34
\BOOKMARK [2][-]{subsection.6.1.1}{Back-end}{section.6.1}% 35
\BOOKMARK [2][-]{subsection.6.1.2}{Front-end}{section.6.1}% 36
\BOOKMARK [2][-]{subsection.6.1.3}{Pachete si librarii externe}{section.6.1}% 37
\BOOKMARK [1][-]{section.6.2}{Arhitectura sistemului de recunoastere automata}{chapter.6}% 38
\BOOKMARK [1][-]{section.6.3}{Aplicatia mobile}{chapter.6}% 39
\BOOKMARK [2][-]{subsection.6.3.1}{Arhitectura aplicatiei mobile}{section.6.3}% 40
\BOOKMARK [2][-]{subsection.6.3.2}{Functionalitati}{section.6.3}% 41
\BOOKMARK [0][-]{chapter.7}{Abordari existente pentru recunoasterea automata a partiturilor muzicale}{}% 42
\BOOKMARK [0][-]{chapter.8}{Concluzii}{}% 43
\BOOKMARK [1][-]{section.8.1}{Rezumat}{chapter.8}% 44
\BOOKMARK [1][-]{section.8.2}{\316mbunatatiri viitoare}{chapter.8}% 45
